<?xml version="1.0" encoding="UTF-8"?>
<testng-results ignored="0" total="2" passed="2" failed="0" skipped="0">
  <reporter-output>
  </reporter-output>
  <suite started-at="2022-10-26T18:43:44 IST" name="Suite" finished-at="2022-10-26T18:44:04 IST" duration-ms="20180">
    <groups>
    </groups>
    <test started-at="2022-10-26T18:43:44 IST" name="Test" finished-at="2022-10-26T18:44:04 IST" duration-ms="20180">
      <class name="GoogleTest">
        <test-method signature="HomePageCheck()[pri:0, instance:GoogleTest@5276e6b0]" started-at="2022-10-26T18:43:44 IST" name="HomePageCheck" finished-at="2022-10-26T18:43:53 IST" duration-ms="8885" status="PASS">
          <reporter-output>
          </reporter-output>
        </test-method> <!-- HomePageCheck -->
      </class> <!-- GoogleTest -->
      <class name="CricBuzzTest2">
        <test-method signature="HomePageCheck()[pri:0, instance:CricBuzzTest2@778d1062]" started-at="2022-10-26T18:43:44 IST" name="HomePageCheck" finished-at="2022-10-26T18:44:04 IST" duration-ms="20138" status="PASS">
          <reporter-output>
          </reporter-output>
        </test-method> <!-- HomePageCheck -->
      </class> <!-- CricBuzzTest2 -->
    </test> <!-- Test -->
  </suite> <!-- Suite -->
</testng-results>
