<?xml version="1.0" encoding="UTF-8"?>
<testng-results ignored="0" total="1" passed="1" failed="0" skipped="0">
  <reporter-output>
  </reporter-output>
  <suite started-at="2022-11-09T09:22:23 IST" name="Default suite" finished-at="2022-11-09T09:22:29 IST" duration-ms="6514">
    <groups>
    </groups>
    <test started-at="2022-11-09T09:22:23 IST" name="Default test" finished-at="2022-11-09T09:22:29 IST" duration-ms="6514">
      <class name="sauceLabCloud.SauceLabsTest1">
        <test-method is-config="true" signature="beforeMethod()[pri:0, instance:sauceLabCloud.SauceLabsTest1@37afeb11]" started-at="2022-11-09T09:22:23 IST" name="beforeMethod" finished-at="2022-11-09T09:22:26 IST" duration-ms="3353" status="PASS">
          <reporter-output>
          </reporter-output>
        </test-method> <!-- beforeMethod -->
        <test-method signature="f()[pri:0, instance:sauceLabCloud.SauceLabsTest1@37afeb11]" started-at="2022-11-09T09:22:26 IST" name="f" finished-at="2022-11-09T09:22:29 IST" duration-ms="3110" status="PASS">
          <reporter-output>
          </reporter-output>
        </test-method> <!-- f -->
      </class> <!-- sauceLabCloud.SauceLabsTest1 -->
    </test> <!-- Default test -->
  </suite> <!-- Default suite -->
</testng-results>
