<?xml version="1.0" encoding="UTF-8"?>
<testng-results ignored="0" total="1" passed="1" failed="0" skipped="0">
  <reporter-output>
  </reporter-output>
  <suite started-at="2022-10-30T15:21:49 IST" name="Default suite" finished-at="2022-10-30T15:21:53 IST" duration-ms="4274">
    <groups>
    </groups>
    <test started-at="2022-10-30T15:21:49 IST" name="Default test" finished-at="2022-10-30T15:21:53 IST" duration-ms="4274">
      <class name="cdp.ConsoleLogCapture">
        <test-method is-config="true" signature="beforeMethod()[pri:0, instance:cdp.ConsoleLogCapture@3daa422a]" started-at="2022-10-30T15:21:49 IST" name="beforeMethod" finished-at="2022-10-30T15:21:52 IST" duration-ms="3089" status="PASS">
          <reporter-output>
          </reporter-output>
        </test-method> <!-- beforeMethod -->
        <test-method signature="f()[pri:0, instance:cdp.ConsoleLogCapture@3daa422a]" started-at="2022-10-30T15:21:52 IST" name="f" finished-at="2022-10-30T15:21:53 IST" duration-ms="1140" status="PASS">
          <reporter-output>
          </reporter-output>
        </test-method> <!-- f -->
        <test-method is-config="true" signature="afterMethod()[pri:0, instance:cdp.ConsoleLogCapture@3daa422a]" started-at="2022-10-30T15:21:53 IST" name="afterMethod" finished-at="2022-10-30T15:21:53 IST" duration-ms="0" status="PASS">
          <reporter-output>
          </reporter-output>
        </test-method> <!-- afterMethod -->
      </class> <!-- cdp.ConsoleLogCapture -->
    </test> <!-- Default test -->
  </suite> <!-- Default suite -->
</testng-results>
