<?xml version="1.0" encoding="UTF-8"?>
<!-- Generated by org.testng.reporters.JUnitXMLReporter -->
<testsuite ignored="0" hostname="LAPTOP-E6SRQGTN" failures="0" tests="3" name="Default test" time="0.833" errors="0" timestamp="2022-10-25T17:28:22 IST">
  <testcase classname="dataDriven.excelDataProvider.DataProviderJavaC" name="testCaseData" time="0.01"/>
  <testcase classname="dataDriven.excelDataProvider.DataProviderJavaC" name="testCaseData" time="0.001"/>
  <testcase classname="dataDriven.excelDataProvider.DataProviderJavaC" name="testCaseData" time="0.002"/>
</testsuite> <!-- Default test -->
