<?xml version="1.0" encoding="UTF-8"?>
<testng-results ignored="0" total="3" passed="3" failed="0" skipped="0">
  <reporter-output>
  </reporter-output>
  <suite started-at="2022-10-25T17:28:22 IST" name="Default suite" finished-at="2022-10-25T17:28:22 IST" duration-ms="833">
    <groups>
    </groups>
    <test started-at="2022-10-25T17:28:22 IST" name="Default test" finished-at="2022-10-25T17:28:22 IST" duration-ms="833">
      <class name="dataDriven.excelDataProvider.DataProviderJavaC">
        <test-method signature="testCaseData(java.lang.String,java.lang.String,java.lang.String)[pri:0, instance:dataDriven.excelDataProvider.DataProviderJavaC@55183b20]" started-at="2022-10-25T17:28:22 IST" name="testCaseData" data-provider="driveTest" finished-at="2022-10-25T17:28:22 IST" duration-ms="10" status="PASS">
          <params>
            <param index="0">
              <value>
                <![CDATA[HELLO]]>
              </value>
            </param>
            <param index="1">
              <value>
                <![CDATA[Text]]>
              </value>
            </param>
            <param index="2">
              <value>
                <![CDATA[1]]>
              </value>
            </param>
          </params>
          <reporter-output>
          </reporter-output>
        </test-method> <!-- testCaseData -->
        <test-method signature="testCaseData(java.lang.String,java.lang.String,java.lang.String)[pri:0, instance:dataDriven.excelDataProvider.DataProviderJavaC@55183b20]" started-at="2022-10-25T17:28:22 IST" name="testCaseData" data-provider="driveTest" finished-at="2022-10-25T17:28:22 IST" duration-ms="1" status="PASS">
          <params>
            <param index="0">
              <value>
                <![CDATA[Bye]]>
              </value>
            </param>
            <param index="1">
              <value>
                <![CDATA[message]]>
              </value>
            </param>
            <param index="2">
              <value>
                <![CDATA[143]]>
              </value>
            </param>
          </params>
          <reporter-output>
          </reporter-output>
        </test-method> <!-- testCaseData -->
        <test-method signature="testCaseData(java.lang.String,java.lang.String,java.lang.String)[pri:0, instance:dataDriven.excelDataProvider.DataProviderJavaC@55183b20]" started-at="2022-10-25T17:28:22 IST" name="testCaseData" data-provider="driveTest" finished-at="2022-10-25T17:28:22 IST" duration-ms="2" status="PASS">
          <params>
            <param index="0">
              <value>
                <![CDATA[solo]]>
              </value>
            </param>
            <param index="1">
              <value>
                <![CDATA[call]]>
              </value>
            </param>
            <param index="2">
              <value>
                <![CDATA[456]]>
              </value>
            </param>
          </params>
          <reporter-output>
          </reporter-output>
        </test-method> <!-- testCaseData -->
      </class> <!-- dataDriven.excelDataProvider.DataProviderJavaC -->
    </test> <!-- Default test -->
  </suite> <!-- Default suite -->
</testng-results>
